<?xml version="1.0" encoding="UTF-8"?>
<testng-results ignored="0" total="1" passed="1" failed="0" skipped="0">
  <reporter-output>
  </reporter-output>
  <suite started-at="2025-12-02T16:31:29 IST" name="Default suite" finished-at="2025-12-02T16:31:31 IST" duration-ms="2120">
    <groups>
    </groups>
    <test started-at="2025-12-02T16:31:29 IST" name="Default test" finished-at="2025-12-02T16:31:31 IST" duration-ms="2120">
      <class name="org.basic.BasicAPI">
        <test-method signature="getProductTest()[pri:0, instance:org.basic.BasicAPI@323b36e0]" started-at="2025-12-02T16:31:29 IST" name="getProductTest" finished-at="2025-12-02T16:31:31 IST" duration-ms="2079" status="PASS">
          <reporter-output>
          </reporter-output>
        </test-method> <!-- getProductTest -->
      </class> <!-- org.basic.BasicAPI -->
    </test> <!-- Default test -->
  </suite> <!-- Default suite -->
</testng-results>
